<?xml version="1.0" encoding="UTF-8"?>
<!-- Generated by org.testng.reporters.JUnitXMLReporter -->
<testsuite hostname="DESKTOP-6CKSBBK" ignored="0" name="Default test" tests="5" failures="0" timestamp="2020-05-01T19:48:54 IST" time="12.332" errors="0">
  <testcase name="verifyHomepageTitle" time="0.032" classname="newpackage.ExamportalTestNG"/>
  <testcase name="createUser" time="3.472" classname="newpackage.ExamportalTestNG"/>
  <testcase name="Login" time="0.639" classname="newpackage.ExamportalTestNG"/>
  <testcase name="Reasoning" time="1.751" classname="newpackage.ExamportalTestNG"/>
  <testcase name="Status" time="0.634" classname="newpackage.ExamportalTestNG"/>
</testsuite> <!-- Default test -->
